<?xml version="1.0" encoding="UTF-8" ?>
<testsuite tests="4" failures="0" name="pl.gov.coi.szkolenia.calk.CalculatorTest" time="0" errors="0" skipped="0">
  <properties>
[...]
</properties>
  <testcase classname="pl.gov.coi.szkolenia.calk.CalculatorTest" name="testMnozJeden" time="0"/>
  <testcase classname="pl.gov.coi.szkolenia.calk.CalculatorTest" name="testMnoz" time="0"/>
  <testcase classname="pl.gov.coi.szkolenia.calk.CalculatorTest" name="testDzielenie" time="0"/>
  <testcase classname="pl.gov.coi.szkolenia.calk.CalculatorTest" name="testSubstract" time="0"/>
</testsuite>